running egg_info
creating ../../build/AutoRobo_pkg/AutoRobo_pkg.egg-info
writing ../../build/AutoRobo_pkg/AutoRobo_pkg.egg-info/PKG-INFO
writing dependency_links to ../../build/AutoRobo_pkg/AutoRobo_pkg.egg-info/dependency_links.txt
writing entry points to ../../build/AutoRobo_pkg/AutoRobo_pkg.egg-info/entry_points.txt
writing requirements to ../../build/AutoRobo_pkg/AutoRobo_pkg.egg-info/requires.txt
writing top-level names to ../../build/AutoRobo_pkg/AutoRobo_pkg.egg-info/top_level.txt
writing manifest file '../../build/AutoRobo_pkg/AutoRobo_pkg.egg-info/SOURCES.txt'
reading manifest file '../../build/AutoRobo_pkg/AutoRobo_pkg.egg-info/SOURCES.txt'
writing manifest file '../../build/AutoRobo_pkg/AutoRobo_pkg.egg-info/SOURCES.txt'
running build
running build_py
creating /home/willykpark/ros2_ws/build/AutoRobo_pkg/build
creating /home/willykpark/ros2_ws/build/AutoRobo_pkg/build/lib
creating /home/willykpark/ros2_ws/build/AutoRobo_pkg/build/lib/AutoRobo_pkg
copying AutoRobo_pkg/__init__.py -> /home/willykpark/ros2_ws/build/AutoRobo_pkg/build/lib/AutoRobo_pkg
copying AutoRobo_pkg/image_subscriber.py -> /home/willykpark/ros2_ws/build/AutoRobo_pkg/build/lib/AutoRobo_pkg
running install
running install_lib
creating /home/willykpark/ros2_ws/install/AutoRobo_pkg/lib/python3.10/site-packages/AutoRobo_pkg
copying /home/willykpark/ros2_ws/build/AutoRobo_pkg/build/lib/AutoRobo_pkg/__init__.py -> /home/willykpark/ros2_ws/install/AutoRobo_pkg/lib/python3.10/site-packages/AutoRobo_pkg
copying /home/willykpark/ros2_ws/build/AutoRobo_pkg/build/lib/AutoRobo_pkg/image_subscriber.py -> /home/willykpark/ros2_ws/install/AutoRobo_pkg/lib/python3.10/site-packages/AutoRobo_pkg
byte-compiling /home/willykpark/ros2_ws/install/AutoRobo_pkg/lib/python3.10/site-packages/AutoRobo_pkg/__init__.py to __init__.cpython-310.pyc
byte-compiling /home/willykpark/ros2_ws/install/AutoRobo_pkg/lib/python3.10/site-packages/AutoRobo_pkg/image_subscriber.py to image_subscriber.cpython-310.pyc
running install_data
creating /home/willykpark/ros2_ws/install/AutoRobo_pkg/share/ament_index
creating /home/willykpark/ros2_ws/install/AutoRobo_pkg/share/ament_index/resource_index
creating /home/willykpark/ros2_ws/install/AutoRobo_pkg/share/ament_index/resource_index/packages
copying resource/AutoRobo_pkg -> /home/willykpark/ros2_ws/install/AutoRobo_pkg/share/ament_index/resource_index/packages
copying package.xml -> /home/willykpark/ros2_ws/install/AutoRobo_pkg/share/AutoRobo_pkg
creating /home/willykpark/ros2_ws/install/AutoRobo_pkg/share/AutoRobo_pkg/launch
copying /home/willykpark/ros2_ws/src/AutoRobo_pkg/launch/hw1_image_processing.launch.py -> /home/willykpark/ros2_ws/install/AutoRobo_pkg/share/AutoRobo_pkg/launch
running install_egg_info
Copying ../../build/AutoRobo_pkg/AutoRobo_pkg.egg-info to /home/willykpark/ros2_ws/install/AutoRobo_pkg/lib/python3.10/site-packages/AutoRobo_pkg-0.0.0-py3.10.egg-info
running install_scripts
Installing image_subscriber script to /home/willykpark/ros2_ws/install/AutoRobo_pkg/lib/AutoRobo_pkg
writing list of installed files to '/home/willykpark/ros2_ws/build/AutoRobo_pkg/install.log'
