[0.291s] Invoking command in '/home/willykpark/ros2_ws/src/AutoRobo_pkg': PYTHONPATH=/home/willykpark/ros2_ws/build/AutoRobo_pkg/prefix_override:/usr/lib/python3/dist-packages/colcon_core/task/python/colcon_distutils_commands:/home/willykpark/ros2_ws/install/AutoRobo_pkg/lib/python3.10/site-packages:${PYTHONPATH} /usr/bin/python3 -W ignore:setup.py install is deprecated -W ignore:easy_install command is deprecated setup.py egg_info --egg-base ../../build/AutoRobo_pkg build --build-base /home/willykpark/ros2_ws/build/AutoRobo_pkg/build install --record /home/willykpark/ros2_ws/build/AutoRobo_pkg/install.log --single-version-externally-managed install_data
[0.409s] running egg_info
[0.409s] creating ../../build/AutoRobo_pkg/AutoRobo_pkg.egg-info
[0.409s] writing ../../build/AutoRobo_pkg/AutoRobo_pkg.egg-info/PKG-INFO
[0.410s] writing dependency_links to ../../build/AutoRobo_pkg/AutoRobo_pkg.egg-info/dependency_links.txt
[0.410s] writing entry points to ../../build/AutoRobo_pkg/AutoRobo_pkg.egg-info/entry_points.txt
[0.410s] writing requirements to ../../build/AutoRobo_pkg/AutoRobo_pkg.egg-info/requires.txt
[0.410s] writing top-level names to ../../build/AutoRobo_pkg/AutoRobo_pkg.egg-info/top_level.txt
[0.410s] writing manifest file '../../build/AutoRobo_pkg/AutoRobo_pkg.egg-info/SOURCES.txt'
[0.410s] reading manifest file '../../build/AutoRobo_pkg/AutoRobo_pkg.egg-info/SOURCES.txt'
[0.411s] writing manifest file '../../build/AutoRobo_pkg/AutoRobo_pkg.egg-info/SOURCES.txt'
[0.411s] running build
[0.411s] running build_py
[0.411s] creating /home/willykpark/ros2_ws/build/AutoRobo_pkg/build
[0.411s] creating /home/willykpark/ros2_ws/build/AutoRobo_pkg/build/lib
[0.411s] creating /home/willykpark/ros2_ws/build/AutoRobo_pkg/build/lib/AutoRobo_pkg
[0.411s] copying AutoRobo_pkg/__init__.py -> /home/willykpark/ros2_ws/build/AutoRobo_pkg/build/lib/AutoRobo_pkg
[0.411s] copying AutoRobo_pkg/image_subscriber.py -> /home/willykpark/ros2_ws/build/AutoRobo_pkg/build/lib/AutoRobo_pkg
[0.411s] running install
[0.411s] running install_lib
[0.412s] creating /home/willykpark/ros2_ws/install/AutoRobo_pkg/lib/python3.10/site-packages/AutoRobo_pkg
[0.412s] copying /home/willykpark/ros2_ws/build/AutoRobo_pkg/build/lib/AutoRobo_pkg/__init__.py -> /home/willykpark/ros2_ws/install/AutoRobo_pkg/lib/python3.10/site-packages/AutoRobo_pkg
[0.412s] copying /home/willykpark/ros2_ws/build/AutoRobo_pkg/build/lib/AutoRobo_pkg/image_subscriber.py -> /home/willykpark/ros2_ws/install/AutoRobo_pkg/lib/python3.10/site-packages/AutoRobo_pkg
[0.412s] byte-compiling /home/willykpark/ros2_ws/install/AutoRobo_pkg/lib/python3.10/site-packages/AutoRobo_pkg/__init__.py to __init__.cpython-310.pyc
[0.412s] byte-compiling /home/willykpark/ros2_ws/install/AutoRobo_pkg/lib/python3.10/site-packages/AutoRobo_pkg/image_subscriber.py to image_subscriber.cpython-310.pyc
[0.412s] running install_data
[0.412s] creating /home/willykpark/ros2_ws/install/AutoRobo_pkg/share/ament_index
[0.412s] creating /home/willykpark/ros2_ws/install/AutoRobo_pkg/share/ament_index/resource_index
[0.412s] creating /home/willykpark/ros2_ws/install/AutoRobo_pkg/share/ament_index/resource_index/packages
[0.412s] copying resource/AutoRobo_pkg -> /home/willykpark/ros2_ws/install/AutoRobo_pkg/share/ament_index/resource_index/packages
[0.412s] copying package.xml -> /home/willykpark/ros2_ws/install/AutoRobo_pkg/share/AutoRobo_pkg
[0.412s] creating /home/willykpark/ros2_ws/install/AutoRobo_pkg/share/AutoRobo_pkg/launch
[0.412s] copying /home/willykpark/ros2_ws/src/AutoRobo_pkg/launch/hw1_image_processing.launch.py -> /home/willykpark/ros2_ws/install/AutoRobo_pkg/share/AutoRobo_pkg/launch
[0.413s] running install_egg_info
[0.414s] Copying ../../build/AutoRobo_pkg/AutoRobo_pkg.egg-info to /home/willykpark/ros2_ws/install/AutoRobo_pkg/lib/python3.10/site-packages/AutoRobo_pkg-0.0.0-py3.10.egg-info
[0.414s] running install_scripts
[0.424s] Installing image_subscriber script to /home/willykpark/ros2_ws/install/AutoRobo_pkg/lib/AutoRobo_pkg
[0.424s] writing list of installed files to '/home/willykpark/ros2_ws/build/AutoRobo_pkg/install.log'
[0.439s] Invoked command in '/home/willykpark/ros2_ws/src/AutoRobo_pkg' returned '0': PYTHONPATH=/home/willykpark/ros2_ws/build/AutoRobo_pkg/prefix_override:/usr/lib/python3/dist-packages/colcon_core/task/python/colcon_distutils_commands:/home/willykpark/ros2_ws/install/AutoRobo_pkg/lib/python3.10/site-packages:${PYTHONPATH} /usr/bin/python3 -W ignore:setup.py install is deprecated -W ignore:easy_install command is deprecated setup.py egg_info --egg-base ../../build/AutoRobo_pkg build --build-base /home/willykpark/ros2_ws/build/AutoRobo_pkg/build install --record /home/willykpark/ros2_ws/build/AutoRobo_pkg/install.log --single-version-externally-managed install_data
